
*** Running vivado
    with args -log zynq_interrupt_system_axi_gpio_0_0.vds -m64 -product Vivado -mode batch -messageDb vivado.pb -notrace -source zynq_interrupt_system_axi_gpio_0_0.tcl



****** Vivado v2021.1 (64-bit)
  **** SW Build 3247384 on Thu Jun 10 19:36:33 MDT 2021
  **** IP Build 3246043 on Fri Jun 11 00:30:35 MDT 2021
    ** Copyright 1986-2021 Xilinx, Inc. All Rights Reserved.

source zynq_interrupt_system_axi_gpio_0_0.tcl -notrace
Command: synth_design -top zynq_interrupt_system_axi_gpio_0_0 -part xc7z010clg400-1 -mode out_of_context
Starting synth_design
Attempting to get a license for feature 'Synthesis' and/or device 'xc7z010'
INFO: [Common 17-349] Got license for feature 'Synthesis' and/or device 'xc7z010'
INFO: [Device 21-403] Loading part xc7z010clg400-1
INFO: [Synth 8-7079] Multithreading enabled for synth_design using a maximum of 2 processes.
INFO: [Synth 8-7078] Launching helper process for spawning children vivado processes
INFO: [Synth 8-7075] Helper process launched with PID 27752
---------------------------------------------------------------------------------
Starting RTL Elaboration : Time (s): cpu = 00:00:05 ; elapsed = 00:00:04 . Memory (MB): peak = 1282.820 ; gain = 0.000
---------------------------------------------------------------------------------
INFO: [Synth 8-638] synthesizing module 'zynq_interrupt_system_axi_gpio_0_0' [c:/lab4/vivado_pwm_axi_timer/zynq_interrupts.gen/sources_1/bd/zynq_interrupt_system/ip/zynq_interrupt_system_axi_gpio_0_0/synth/zynq_interrupt_system_axi_gpio_0_0.vhd:84]
	Parameter C_FAMILY bound to: zynq - type: string 
	Parameter C_S_AXI_ADDR_WIDTH bound to: 9 - type: integer 
	Parameter C_S_AXI_DATA_WIDTH bound to: 32 - type: integer 
	Parameter C_GPIO_WIDTH bound to: 4 - type: integer 
	Parameter C_GPIO2_WIDTH bound to: 32 - type: integer 
	Parameter C_ALL_INPUTS bound to: 1 - type: integer 
	Parameter C_ALL_INPUTS_2 bound to: 0 - type: integer 
	Parameter C_ALL_OUTPUTS bound to: 0 - type: integer 
	Parameter C_ALL_OUTPUTS_2 bound to: 0 - type: integer 
	Parameter C_INTERRUPT_PRESENT bound to: 0 - type: integer 
	Parameter C_DOUT_DEFAULT bound to: 32'b00000000000000000000000000000000 
	Parameter C_TRI_DEFAULT bound to: 32'b11111111111111111111111111111111 
	Parameter C_IS_DUAL bound to: 0 - type: integer 
	Parameter C_DOUT_DEFAULT_2 bound to: 32'b00000000000000000000000000000000 
	Parameter C_TRI_DEFAULT_2 bound to: 32'b11111111111111111111111111111111 
INFO: [Synth 8-3491] module 'axi_gpio' declared at 'c:/lab4/vivado_pwm_axi_timer/zynq_interrupts.gen/sources_1/bd/zynq_interrupt_system/ipshared/65b4/hdl/axi_gpio_v2_0_vh_rfs.vhd:1265' bound to instance 'U0' of component 'axi_gpio' [c:/lab4/vivado_pwm_axi_timer/zynq_interrupts.gen/sources_1/bd/zynq_interrupt_system/ip/zynq_interrupt_system_axi_gpio_0_0/synth/zynq_interrupt_system_axi_gpio_0_0.vhd:168]
INFO: [Synth 8-638] synthesizing module 'axi_gpio' [c:/lab4/vivado_pwm_axi_timer/zynq_interrupts.gen/sources_1/bd/zynq_interrupt_system/ipshared/65b4/hdl/axi_gpio_v2_0_vh_rfs.vhd:1351]
INFO: [Synth 8-638] synthesizing module 'axi_lite_ipif' [c:/lab4/vivado_pwm_axi_timer/zynq_interrupts.gen/sources_1/bd/zynq_interrupt_system/ipshared/66ea/hdl/axi_lite_ipif_v3_0_vh_rfs.vhd:2948]
INFO: [Synth 8-638] synthesizing module 'slave_attachment' [c:/lab4/vivado_pwm_axi_timer/zynq_interrupts.gen/sources_1/bd/zynq_interrupt_system/ipshared/66ea/hdl/axi_lite_ipif_v3_0_vh_rfs.vhd:2341]
INFO: [Synth 8-638] synthesizing module 'address_decoder' [c:/lab4/vivado_pwm_axi_timer/zynq_interrupts.gen/sources_1/bd/zynq_interrupt_system/ipshared/66ea/hdl/axi_lite_ipif_v3_0_vh_rfs.vhd:1775]
INFO: [Synth 8-638] synthesizing module 'pselect_f' [c:/lab4/vivado_pwm_axi_timer/zynq_interrupts.gen/sources_1/bd/zynq_interrupt_system/ipshared/66ea/hdl/axi_lite_ipif_v3_0_vh_rfs.vhd:1534]
INFO: [Synth 8-256] done synthesizing module 'pselect_f' (1#1) [c:/lab4/vivado_pwm_axi_timer/zynq_interrupts.gen/sources_1/bd/zynq_interrupt_system/ipshared/66ea/hdl/axi_lite_ipif_v3_0_vh_rfs.vhd:1534]
INFO: [Synth 8-638] synthesizing module 'pselect_f__parameterized0' [c:/lab4/vivado_pwm_axi_timer/zynq_interrupts.gen/sources_1/bd/zynq_interrupt_system/ipshared/66ea/hdl/axi_lite_ipif_v3_0_vh_rfs.vhd:1534]
INFO: [Synth 8-256] done synthesizing module 'pselect_f__parameterized0' (1#1) [c:/lab4/vivado_pwm_axi_timer/zynq_interrupts.gen/sources_1/bd/zynq_interrupt_system/ipshared/66ea/hdl/axi_lite_ipif_v3_0_vh_rfs.vhd:1534]
INFO: [Synth 8-638] synthesizing module 'pselect_f__parameterized1' [c:/lab4/vivado_pwm_axi_timer/zynq_interrupts.gen/sources_1/bd/zynq_interrupt_system/ipshared/66ea/hdl/axi_lite_ipif_v3_0_vh_rfs.vhd:1534]
INFO: [Synth 8-256] done synthesizing module 'pselect_f__parameterized1' (1#1) [c:/lab4/vivado_pwm_axi_timer/zynq_interrupts.gen/sources_1/bd/zynq_interrupt_system/ipshared/66ea/hdl/axi_lite_ipif_v3_0_vh_rfs.vhd:1534]
INFO: [Synth 8-638] synthesizing module 'pselect_f__parameterized2' [c:/lab4/vivado_pwm_axi_timer/zynq_interrupts.gen/sources_1/bd/zynq_interrupt_system/ipshared/66ea/hdl/axi_lite_ipif_v3_0_vh_rfs.vhd:1534]
INFO: [Synth 8-256] done synthesizing module 'pselect_f__parameterized2' (1#1) [c:/lab4/vivado_pwm_axi_timer/zynq_interrupts.gen/sources_1/bd/zynq_interrupt_system/ipshared/66ea/hdl/axi_lite_ipif_v3_0_vh_rfs.vhd:1534]
INFO: [Synth 8-256] done synthesizing module 'address_decoder' (2#1) [c:/lab4/vivado_pwm_axi_timer/zynq_interrupts.gen/sources_1/bd/zynq_interrupt_system/ipshared/66ea/hdl/axi_lite_ipif_v3_0_vh_rfs.vhd:1775]
INFO: [Synth 8-226] default block is never used [c:/lab4/vivado_pwm_axi_timer/zynq_interrupts.gen/sources_1/bd/zynq_interrupt_system/ipshared/66ea/hdl/axi_lite_ipif_v3_0_vh_rfs.vhd:2550]
INFO: [Synth 8-256] done synthesizing module 'slave_attachment' (3#1) [c:/lab4/vivado_pwm_axi_timer/zynq_interrupts.gen/sources_1/bd/zynq_interrupt_system/ipshared/66ea/hdl/axi_lite_ipif_v3_0_vh_rfs.vhd:2341]
INFO: [Synth 8-256] done synthesizing module 'axi_lite_ipif' (4#1) [c:/lab4/vivado_pwm_axi_timer/zynq_interrupts.gen/sources_1/bd/zynq_interrupt_system/ipshared/66ea/hdl/axi_lite_ipif_v3_0_vh_rfs.vhd:2948]
INFO: [Synth 8-638] synthesizing module 'GPIO_Core' [c:/lab4/vivado_pwm_axi_timer/zynq_interrupts.gen/sources_1/bd/zynq_interrupt_system/ipshared/65b4/hdl/axi_gpio_v2_0_vh_rfs.vhd:178]
INFO: [Synth 8-226] default block is never used [c:/lab4/vivado_pwm_axi_timer/zynq_interrupts.gen/sources_1/bd/zynq_interrupt_system/ipshared/65b4/hdl/axi_gpio_v2_0_vh_rfs.vhd:443]
INFO: [Synth 8-638] synthesizing module 'cdc_sync' [c:/lab4/vivado_pwm_axi_timer/zynq_interrupts.gen/sources_1/bd/zynq_interrupt_system/ipshared/ef1e/hdl/lib_cdc_v1_0_rfs.vhd:106]
	Parameter INIT bound to: 1'b0 
INFO: [Synth 8-113] binding component instance 'CROSS2_PLEVEL_IN2SCNDRY_IN_cdc_to' to cell 'FDR' [c:/lab4/vivado_pwm_axi_timer/zynq_interrupts.gen/sources_1/bd/zynq_interrupt_system/ipshared/ef1e/hdl/lib_cdc_v1_0_rfs.vhd:736]
	Parameter INIT bound to: 1'b0 
INFO: [Synth 8-113] binding component instance 'CROSS2_PLEVEL_IN2SCNDRY_IN_cdc_to' to cell 'FDR' [c:/lab4/vivado_pwm_axi_timer/zynq_interrupts.gen/sources_1/bd/zynq_interrupt_system/ipshared/ef1e/hdl/lib_cdc_v1_0_rfs.vhd:736]
	Parameter INIT bound to: 1'b0 
INFO: [Synth 8-113] binding component instance 'CROSS2_PLEVEL_IN2SCNDRY_IN_cdc_to' to cell 'FDR' [c:/lab4/vivado_pwm_axi_timer/zynq_interrupts.gen/sources_1/bd/zynq_interrupt_system/ipshared/ef1e/hdl/lib_cdc_v1_0_rfs.vhd:736]
	Parameter INIT bound to: 1'b0 
INFO: [Synth 8-113] binding component instance 'CROSS2_PLEVEL_IN2SCNDRY_IN_cdc_to' to cell 'FDR' [c:/lab4/vivado_pwm_axi_timer/zynq_interrupts.gen/sources_1/bd/zynq_interrupt_system/ipshared/ef1e/hdl/lib_cdc_v1_0_rfs.vhd:736]
	Parameter INIT bound to: 1'b0 
INFO: [Synth 8-113] binding component instance 'CROSS2_PLEVEL_IN2SCNDRY_s_level_out_bus_d2' to cell 'FDR' [c:/lab4/vivado_pwm_axi_timer/zynq_interrupts.gen/sources_1/bd/zynq_interrupt_system/ipshared/ef1e/hdl/lib_cdc_v1_0_rfs.vhd:772]
	Parameter INIT bound to: 1'b0 
INFO: [Synth 8-113] binding component instance 'CROSS2_PLEVEL_IN2SCNDRY_s_level_out_bus_d2' to cell 'FDR' [c:/lab4/vivado_pwm_axi_timer/zynq_interrupts.gen/sources_1/bd/zynq_interrupt_system/ipshared/ef1e/hdl/lib_cdc_v1_0_rfs.vhd:772]
	Parameter INIT bound to: 1'b0 
INFO: [Synth 8-113] binding component instance 'CROSS2_PLEVEL_IN2SCNDRY_s_level_out_bus_d2' to cell 'FDR' [c:/lab4/vivado_pwm_axi_timer/zynq_interrupts.gen/sources_1/bd/zynq_interrupt_system/ipshared/ef1e/hdl/lib_cdc_v1_0_rfs.vhd:772]
	Parameter INIT bound to: 1'b0 
INFO: [Synth 8-113] binding component instance 'CROSS2_PLEVEL_IN2SCNDRY_s_level_out_bus_d2' to cell 'FDR' [c:/lab4/vivado_pwm_axi_timer/zynq_interrupts.gen/sources_1/bd/zynq_interrupt_system/ipshared/ef1e/hdl/lib_cdc_v1_0_rfs.vhd:772]
	Parameter INIT bound to: 1'b0 
INFO: [Synth 8-113] binding component instance 'CROSS2_PLEVEL_IN2SCNDRY_s_level_out_bus_d3' to cell 'FDR' [c:/lab4/vivado_pwm_axi_timer/zynq_interrupts.gen/sources_1/bd/zynq_interrupt_system/ipshared/ef1e/hdl/lib_cdc_v1_0_rfs.vhd:788]
	Parameter INIT bound to: 1'b0 
INFO: [Synth 8-113] binding component instance 'CROSS2_PLEVEL_IN2SCNDRY_s_level_out_bus_d3' to cell 'FDR' [c:/lab4/vivado_pwm_axi_timer/zynq_interrupts.gen/sources_1/bd/zynq_interrupt_system/ipshared/ef1e/hdl/lib_cdc_v1_0_rfs.vhd:788]
	Parameter INIT bound to: 1'b0 
INFO: [Synth 8-113] binding component instance 'CROSS2_PLEVEL_IN2SCNDRY_s_level_out_bus_d3' to cell 'FDR' [c:/lab4/vivado_pwm_axi_timer/zynq_interrupts.gen/sources_1/bd/zynq_interrupt_system/ipshared/ef1e/hdl/lib_cdc_v1_0_rfs.vhd:788]
	Parameter INIT bound to: 1'b0 
INFO: [Synth 8-113] binding component instance 'CROSS2_PLEVEL_IN2SCNDRY_s_level_out_bus_d3' to cell 'FDR' [c:/lab4/vivado_pwm_axi_timer/zynq_interrupts.gen/sources_1/bd/zynq_interrupt_system/ipshared/ef1e/hdl/lib_cdc_v1_0_rfs.vhd:788]
	Parameter INIT bound to: 1'b0 
INFO: [Synth 8-113] binding component instance 'CROSS2_PLEVEL_IN2SCNDRY_s_level_out_bus_d4' to cell 'FDR' [c:/lab4/vivado_pwm_axi_timer/zynq_interrupts.gen/sources_1/bd/zynq_interrupt_system/ipshared/ef1e/hdl/lib_cdc_v1_0_rfs.vhd:804]
	Parameter INIT bound to: 1'b0 
INFO: [Synth 8-113] binding component instance 'CROSS2_PLEVEL_IN2SCNDRY_s_level_out_bus_d4' to cell 'FDR' [c:/lab4/vivado_pwm_axi_timer/zynq_interrupts.gen/sources_1/bd/zynq_interrupt_system/ipshared/ef1e/hdl/lib_cdc_v1_0_rfs.vhd:804]
	Parameter INIT bound to: 1'b0 
INFO: [Synth 8-113] binding component instance 'CROSS2_PLEVEL_IN2SCNDRY_s_level_out_bus_d4' to cell 'FDR' [c:/lab4/vivado_pwm_axi_timer/zynq_interrupts.gen/sources_1/bd/zynq_interrupt_system/ipshared/ef1e/hdl/lib_cdc_v1_0_rfs.vhd:804]
	Parameter INIT bound to: 1'b0 
INFO: [Synth 8-113] binding component instance 'CROSS2_PLEVEL_IN2SCNDRY_s_level_out_bus_d4' to cell 'FDR' [c:/lab4/vivado_pwm_axi_timer/zynq_interrupts.gen/sources_1/bd/zynq_interrupt_system/ipshared/ef1e/hdl/lib_cdc_v1_0_rfs.vhd:804]
	Parameter INIT bound to: 1'b0 
INFO: [Synth 8-113] binding component instance 'CROSS2_PLEVEL_IN2SCNDRY_s_level_out_bus_d5' to cell 'FDR' [c:/lab4/vivado_pwm_axi_timer/zynq_interrupts.gen/sources_1/bd/zynq_interrupt_system/ipshared/ef1e/hdl/lib_cdc_v1_0_rfs.vhd:821]
	Parameter INIT bound to: 1'b0 
INFO: [Synth 8-113] binding component instance 'CROSS2_PLEVEL_IN2SCNDRY_s_level_out_bus_d5' to cell 'FDR' [c:/lab4/vivado_pwm_axi_timer/zynq_interrupts.gen/sources_1/bd/zynq_interrupt_system/ipshared/ef1e/hdl/lib_cdc_v1_0_rfs.vhd:821]
	Parameter INIT bound to: 1'b0 
INFO: [Synth 8-113] binding component instance 'CROSS2_PLEVEL_IN2SCNDRY_s_level_out_bus_d5' to cell 'FDR' [c:/lab4/vivado_pwm_axi_timer/zynq_interrupts.gen/sources_1/bd/zynq_interrupt_system/ipshared/ef1e/hdl/lib_cdc_v1_0_rfs.vhd:821]
	Parameter INIT bound to: 1'b0 
INFO: [Synth 8-113] binding component instance 'CROSS2_PLEVEL_IN2SCNDRY_s_level_out_bus_d5' to cell 'FDR' [c:/lab4/vivado_pwm_axi_timer/zynq_interrupts.gen/sources_1/bd/zynq_interrupt_system/ipshared/ef1e/hdl/lib_cdc_v1_0_rfs.vhd:821]
	Parameter INIT bound to: 1'b0 
INFO: [Synth 8-113] binding component instance 'CROSS2_PLEVEL_IN2SCNDRY_s_level_out_bus_d6' to cell 'FDR' [c:/lab4/vivado_pwm_axi_timer/zynq_interrupts.gen/sources_1/bd/zynq_interrupt_system/ipshared/ef1e/hdl/lib_cdc_v1_0_rfs.vhd:837]
	Parameter INIT bound to: 1'b0 
INFO: [Synth 8-113] binding component instance 'CROSS2_PLEVEL_IN2SCNDRY_s_level_out_bus_d6' to cell 'FDR' [c:/lab4/vivado_pwm_axi_timer/zynq_interrupts.gen/sources_1/bd/zynq_interrupt_system/ipshared/ef1e/hdl/lib_cdc_v1_0_rfs.vhd:837]
	Parameter INIT bound to: 1'b0 
INFO: [Synth 8-113] binding component instance 'CROSS2_PLEVEL_IN2SCNDRY_s_level_out_bus_d6' to cell 'FDR' [c:/lab4/vivado_pwm_axi_timer/zynq_interrupts.gen/sources_1/bd/zynq_interrupt_system/ipshared/ef1e/hdl/lib_cdc_v1_0_rfs.vhd:837]
	Parameter INIT bound to: 1'b0 
INFO: [Synth 8-113] binding component instance 'CROSS2_PLEVEL_IN2SCNDRY_s_level_out_bus_d6' to cell 'FDR' [c:/lab4/vivado_pwm_axi_timer/zynq_interrupts.gen/sources_1/bd/zynq_interrupt_system/ipshared/ef1e/hdl/lib_cdc_v1_0_rfs.vhd:837]
INFO: [Synth 8-256] done synthesizing module 'cdc_sync' (5#1) [c:/lab4/vivado_pwm_axi_timer/zynq_interrupts.gen/sources_1/bd/zynq_interrupt_system/ipshared/ef1e/hdl/lib_cdc_v1_0_rfs.vhd:106]
INFO: [Synth 8-256] done synthesizing module 'GPIO_Core' (6#1) [c:/lab4/vivado_pwm_axi_timer/zynq_interrupts.gen/sources_1/bd/zynq_interrupt_system/ipshared/65b4/hdl/axi_gpio_v2_0_vh_rfs.vhd:178]
INFO: [Synth 8-256] done synthesizing module 'axi_gpio' (7#1) [c:/lab4/vivado_pwm_axi_timer/zynq_interrupts.gen/sources_1/bd/zynq_interrupt_system/ipshared/65b4/hdl/axi_gpio_v2_0_vh_rfs.vhd:1351]
INFO: [Synth 8-256] done synthesizing module 'zynq_interrupt_system_axi_gpio_0_0' (8#1) [c:/lab4/vivado_pwm_axi_timer/zynq_interrupts.gen/sources_1/bd/zynq_interrupt_system/ip/zynq_interrupt_system_axi_gpio_0_0/synth/zynq_interrupt_system_axi_gpio_0_0.vhd:84]
---------------------------------------------------------------------------------
Finished RTL Elaboration : Time (s): cpu = 00:00:06 ; elapsed = 00:00:05 . Memory (MB): peak = 1282.820 ; gain = 0.000
---------------------------------------------------------------------------------
---------------------------------------------------------------------------------
Start Handling Custom Attributes
---------------------------------------------------------------------------------
---------------------------------------------------------------------------------
Finished Handling Custom Attributes : Time (s): cpu = 00:00:06 ; elapsed = 00:00:06 . Memory (MB): peak = 1282.820 ; gain = 0.000
---------------------------------------------------------------------------------
---------------------------------------------------------------------------------
Finished RTL Optimization Phase 1 : Time (s): cpu = 00:00:06 ; elapsed = 00:00:06 . Memory (MB): peak = 1282.820 ; gain = 0.000
---------------------------------------------------------------------------------
Netlist sorting complete. Time (s): cpu = 00:00:00 ; elapsed = 00:00:00.011 . Memory (MB): peak = 1282.820 ; gain = 0.000
INFO: [Netlist 29-17] Analyzing 24 Unisim elements for replacement
INFO: [Netlist 29-28] Unisim Transformation completed in 0 CPU seconds
INFO: [Project 1-570] Preparing netlist for logic optimization

Processing XDC Constraints
Initializing timing engine
Parsing XDC File [c:/lab4/vivado_pwm_axi_timer/zynq_interrupts.gen/sources_1/bd/zynq_interrupt_system/ip/zynq_interrupt_system_axi_gpio_0_0/zynq_interrupt_system_axi_gpio_0_0_ooc.xdc] for cell 'U0'
Finished Parsing XDC File [c:/lab4/vivado_pwm_axi_timer/zynq_interrupts.gen/sources_1/bd/zynq_interrupt_system/ip/zynq_interrupt_system_axi_gpio_0_0/zynq_interrupt_system_axi_gpio_0_0_ooc.xdc] for cell 'U0'
Parsing XDC File [c:/lab4/vivado_pwm_axi_timer/zynq_interrupts.gen/sources_1/bd/zynq_interrupt_system/ip/zynq_interrupt_system_axi_gpio_0_0/zynq_interrupt_system_axi_gpio_0_0_board.xdc] for cell 'U0'
Finished Parsing XDC File [c:/lab4/vivado_pwm_axi_timer/zynq_interrupts.gen/sources_1/bd/zynq_interrupt_system/ip/zynq_interrupt_system_axi_gpio_0_0/zynq_interrupt_system_axi_gpio_0_0_board.xdc] for cell 'U0'
Parsing XDC File [c:/lab4/vivado_pwm_axi_timer/zynq_interrupts.gen/sources_1/bd/zynq_interrupt_system/ip/zynq_interrupt_system_axi_gpio_0_0/zynq_interrupt_system_axi_gpio_0_0.xdc] for cell 'U0'
Finished Parsing XDC File [c:/lab4/vivado_pwm_axi_timer/zynq_interrupts.gen/sources_1/bd/zynq_interrupt_system/ip/zynq_interrupt_system_axi_gpio_0_0/zynq_interrupt_system_axi_gpio_0_0.xdc] for cell 'U0'
Parsing XDC File [C:/lab4/vivado_pwm_axi_timer/zynq_interrupts.runs/zynq_interrupt_system_axi_gpio_0_0_synth_1/dont_touch.xdc]
Finished Parsing XDC File [C:/lab4/vivado_pwm_axi_timer/zynq_interrupts.runs/zynq_interrupt_system_axi_gpio_0_0_synth_1/dont_touch.xdc]
Completed Processing XDC Constraints

Netlist sorting complete. Time (s): cpu = 00:00:00 ; elapsed = 00:00:00 . Memory (MB): peak = 1282.820 ; gain = 0.000
INFO: [Project 1-111] Unisim Transformation Summary:
  A total of 24 instances were transformed.
  FDR => FDRE: 24 instances

Constraint Validation Runtime : Time (s): cpu = 00:00:00 ; elapsed = 00:00:00.028 . Memory (MB): peak = 1282.820 ; gain = 0.000
