21:57:12 INFO  : Launching XSCT server: xsct -n  -interactive /home/user/lab_2/interrupt_counter/temp_xsdb_launch_script.tcl
21:57:12 INFO  : Platform repository initialization has completed.
21:57:13 INFO  : Registering command handlers for Vitis TCF services
21:57:15 INFO  : XSCT server has started successfully.
21:57:15 INFO  : Successfully done setting XSCT server connection channel  
21:57:15 INFO  : plnx-install-location is set to ''
21:57:16 INFO  : Successfully done setting workspace for the tool. 
21:57:16 INFO  : Successfully done query RDI_DATADIR 
21:58:03 INFO  : Result from executing command 'getProjects': zynq_interrupt_system_wrapper
21:58:03 INFO  : Result from executing command 'getPlatforms': 
21:58:03 WARN  : An unexpected exception occurred in the module 'platform project logging'
21:58:03 INFO  : Platform 'zynq_interrupt_system_wrapper' is added to custom repositories.
21:58:10 INFO  : Platform 'zynq_interrupt_system_wrapper' is added to custom repositories.
22:00:52 INFO  : Connected to target on host '127.0.0.1' and port '3121'.
22:01:10 INFO  : Connected to target on host '127.0.0.1' and port '3121'.
22:01:26 INFO  : Connected to target on host '127.0.0.1' and port '3121'.
22:01:26 INFO  : 'targets -set -filter {jtag_cable_name =~ "Digilent Zybo 210279A79231A" && level==0 && jtag_device_ctx=="jsn-Zybo-210279A79231A-13722093-0"}' command is executed.
22:01:27 INFO  : Device configured successfully with "/home/user/lab_2/interrupt_counter/interrupt_counter/_ide/bitstream/zynq_interrupt_system_wrapper.bit"
22:02:08 INFO  : Connected to target on host '127.0.0.1' and port '3121'.
22:02:09 INFO  : Jtag cable 'Digilent Zybo 210279A79231A' is selected.
22:02:09 INFO  : 'jtag frequency' command is executed.
22:02:09 INFO  : Context for 'APU' is selected.
22:02:09 INFO  : System reset is completed.
22:02:12 INFO  : 'after 3000' command is executed.
22:02:12 INFO  : 'targets -set -filter {jtag_cable_name =~ "Digilent Zybo 210279A79231A" && level==0 && jtag_device_ctx=="jsn-Zybo-210279A79231A-13722093-0"}' command is executed.
22:02:13 INFO  : Device configured successfully with "/home/user/lab_2/interrupt_counter/interrupt_counter/_ide/bitstream/zynq_interrupt_system_wrapper.bit"
22:02:13 INFO  : Context for 'APU' is selected.
22:02:13 INFO  : Hardware design and registers information is loaded from '/home/user/lab_2/interrupt_counter/zynq_interrupt_system_wrapper/export/zynq_interrupt_system_wrapper/hw/zynq_interrupt_system_wrapper.xsa'.
22:02:13 INFO  : 'configparams force-mem-access 1' command is executed.
22:02:13 INFO  : Context for 'APU' is selected.
22:02:13 INFO  : Sourcing of '/home/user/lab_2/interrupt_counter/interrupt_counter/_ide/psinit/ps7_init.tcl' is done.
22:02:13 INFO  : 'ps7_init' command is executed.
22:02:13 INFO  : 'ps7_post_config' command is executed.
22:02:13 INFO  : 'configparams force-mem-access 0' command is executed.
22:02:13 INFO  : ----------------XSDB Script----------------
connect -url tcp:127.0.0.1:3121
targets -set -nocase -filter {name =~"APU*"}
rst -system
after 3000
targets -set -filter {jtag_cable_name =~ "Digilent Zybo 210279A79231A" && level==0 && jtag_device_ctx=="jsn-Zybo-210279A79231A-13722093-0"}
fpga -file /home/user/lab_2/interrupt_counter/interrupt_counter/_ide/bitstream/zynq_interrupt_system_wrapper.bit
targets -set -nocase -filter {name =~"APU*"}
loadhw -hw /home/user/lab_2/interrupt_counter/zynq_interrupt_system_wrapper/export/zynq_interrupt_system_wrapper/hw/zynq_interrupt_system_wrapper.xsa -mem-ranges [list {0x40000000 0xbfffffff}] -regs
configparams force-mem-access 1
targets -set -nocase -filter {name =~"APU*"}
source /home/user/lab_2/interrupt_counter/interrupt_counter/_ide/psinit/ps7_init.tcl
ps7_init
ps7_post_config
configparams force-mem-access 0
----------------End of Script----------------

22:02:13 INFO  : Disconnected from the channel tcfchan#1.
22:03:25 INFO  : Connected to target on host '127.0.0.1' and port '3121'.
22:03:33 INFO  : Connected to target on host '127.0.0.1' and port '3121'.
22:03:33 INFO  : 'targets -set -filter {jtag_cable_name =~ "Digilent Zybo 210279A79231A" && level==0 && jtag_device_ctx=="jsn-Zybo-210279A79231A-13722093-0"}' command is executed.
22:03:34 INFO  : Device configured successfully with "/home/user/lab_2/interrupt_counter/interrupt_counter/_ide/bitstream/zynq_interrupt_system_wrapper.bit"
22:06:12 INFO  : Result from executing command 'getProjects': zynq_interrupt_system_wrapper
22:06:12 INFO  : Result from executing command 'getPlatforms': zynq_interrupt_system_wrapper|/home/user/lab_2/interrupt_counter/zynq_interrupt_system_wrapper/export/zynq_interrupt_system_wrapper/zynq_interrupt_system_wrapper.xpfm
22:06:15 INFO  : Checking for BSP changes to sync application flags for project 'interrupt_counter'...
22:06:18 INFO  : Connected to target on host '127.0.0.1' and port '3121'.
22:06:19 INFO  : Jtag cable 'Digilent Zybo 210279A79231A' is selected.
22:06:19 INFO  : 'jtag frequency' command is executed.
22:06:19 INFO  : Context for 'APU' is selected.
22:06:19 INFO  : System reset is completed.
22:06:22 INFO  : 'after 3000' command is executed.
22:06:22 INFO  : 'targets -set -filter {jtag_cable_name =~ "Digilent Zybo 210279A79231A" && level==0 && jtag_device_ctx=="jsn-Zybo-210279A79231A-13722093-0"}' command is executed.
22:06:23 INFO  : Device configured successfully with "/home/user/lab_2/interrupt_counter/interrupt_counter/_ide/bitstream/zynq_interrupt_system_wrapper.bit"
22:06:23 INFO  : Context for 'APU' is selected.
22:06:23 INFO  : Hardware design and registers information is loaded from '/home/user/lab_2/interrupt_counter/zynq_interrupt_system_wrapper/export/zynq_interrupt_system_wrapper/hw/zynq_interrupt_system_wrapper.xsa'.
22:06:23 INFO  : 'configparams force-mem-access 1' command is executed.
22:06:23 INFO  : Context for 'APU' is selected.
22:06:23 INFO  : Sourcing of '/home/user/lab_2/interrupt_counter/interrupt_counter/_ide/psinit/ps7_init.tcl' is done.
22:06:23 INFO  : 'ps7_init' command is executed.
22:06:23 INFO  : 'ps7_post_config' command is executed.
22:06:23 INFO  : Context for processor 'ps7_cortexa9_0' is selected.
22:06:23 INFO  : The application '/home/user/lab_2/interrupt_counter/interrupt_counter/Debug/interrupt_counter.elf' is downloaded to processor 'ps7_cortexa9_0'.
22:06:23 INFO  : 'configparams force-mem-access 0' command is executed.
22:06:23 INFO  : ----------------XSDB Script----------------
connect -url tcp:127.0.0.1:3121
targets -set -nocase -filter {name =~"APU*"}
rst -system
after 3000
targets -set -filter {jtag_cable_name =~ "Digilent Zybo 210279A79231A" && level==0 && jtag_device_ctx=="jsn-Zybo-210279A79231A-13722093-0"}
fpga -file /home/user/lab_2/interrupt_counter/interrupt_counter/_ide/bitstream/zynq_interrupt_system_wrapper.bit
targets -set -nocase -filter {name =~"APU*"}
loadhw -hw /home/user/lab_2/interrupt_counter/zynq_interrupt_system_wrapper/export/zynq_interrupt_system_wrapper/hw/zynq_interrupt_system_wrapper.xsa -mem-ranges [list {0x40000000 0xbfffffff}] -regs
configparams force-mem-access 1
targets -set -nocase -filter {name =~"APU*"}
source /home/user/lab_2/interrupt_counter/interrupt_counter/_ide/psinit/ps7_init.tcl
ps7_init
ps7_post_config
targets -set -nocase -filter {name =~ "*A9*#0"}
dow /home/user/lab_2/interrupt_counter/interrupt_counter/Debug/interrupt_counter.elf
configparams force-mem-access 0
----------------End of Script----------------

22:06:23 INFO  : Context for processor 'ps7_cortexa9_0' is selected.
22:06:23 INFO  : 'con' command is executed.
22:06:23 INFO  : ----------------XSDB Script (After Launch)----------------
targets -set -nocase -filter {name =~ "*A9*#0"}
con
----------------End of Script----------------

22:06:23 INFO  : Disconnected from the channel tcfchan#2.
22:08:00 INFO  : Connected to target on host '127.0.0.1' and port '3121'.
22:08:00 INFO  : Jtag cable 'Digilent Zybo 210279A79231A' is selected.
22:08:00 INFO  : 'jtag frequency' command is executed.
22:08:00 INFO  : Context for 'APU' is selected.
22:08:00 INFO  : System reset is completed.
22:08:03 INFO  : 'after 3000' command is executed.
22:08:03 INFO  : 'targets -set -filter {jtag_cable_name =~ "Digilent Zybo 210279A79231A" && level==0 && jtag_device_ctx=="jsn-Zybo-210279A79231A-13722093-0"}' command is executed.
22:08:04 INFO  : Device configured successfully with "/home/user/lab_2/interrupt_counter/interrupt_counter/_ide/bitstream/zynq_interrupt_system_wrapper.bit"
22:08:04 INFO  : Context for 'APU' is selected.
22:08:04 INFO  : Hardware design and registers information is loaded from '/home/user/lab_2/interrupt_counter/zynq_interrupt_system_wrapper/export/zynq_interrupt_system_wrapper/hw/zynq_interrupt_system_wrapper.xsa'.
22:08:04 INFO  : 'configparams force-mem-access 1' command is executed.
22:08:04 INFO  : Context for 'APU' is selected.
22:08:04 INFO  : Sourcing of '/home/user/lab_2/interrupt_counter/interrupt_counter/_ide/psinit/ps7_init.tcl' is done.
22:08:05 INFO  : 'ps7_init' command is executed.
22:08:05 INFO  : 'ps7_post_config' command is executed.
22:08:05 INFO  : Context for processor 'ps7_cortexa9_0' is selected.
22:08:05 INFO  : The application '/home/user/lab_2/interrupt_counter/interrupt_counter/Debug/interrupt_counter.elf' is downloaded to processor 'ps7_cortexa9_0'.
22:08:05 INFO  : 'configparams force-mem-access 0' command is executed.
22:08:05 INFO  : ----------------XSDB Script----------------
connect -url tcp:127.0.0.1:3121
targets -set -nocase -filter {name =~"APU*"}
rst -system
after 3000
targets -set -filter {jtag_cable_name =~ "Digilent Zybo 210279A79231A" && level==0 && jtag_device_ctx=="jsn-Zybo-210279A79231A-13722093-0"}
fpga -file /home/user/lab_2/interrupt_counter/interrupt_counter/_ide/bitstream/zynq_interrupt_system_wrapper.bit
targets -set -nocase -filter {name =~"APU*"}
loadhw -hw /home/user/lab_2/interrupt_counter/zynq_interrupt_system_wrapper/export/zynq_interrupt_system_wrapper/hw/zynq_interrupt_system_wrapper.xsa -mem-ranges [list {0x40000000 0xbfffffff}] -regs
configparams force-mem-access 1
targets -set -nocase -filter {name =~"APU*"}
source /home/user/lab_2/interrupt_counter/interrupt_counter/_ide/psinit/ps7_init.tcl
ps7_init
ps7_post_config
targets -set -nocase -filter {name =~ "*A9*#0"}
dow /home/user/lab_2/interrupt_counter/interrupt_counter/Debug/interrupt_counter.elf
configparams force-mem-access 0
----------------End of Script----------------

22:08:05 INFO  : Context for processor 'ps7_cortexa9_0' is selected.
22:08:05 INFO  : 'con' command is executed.
22:08:05 INFO  : ----------------XSDB Script (After Launch)----------------
targets -set -nocase -filter {name =~ "*A9*#0"}
con
----------------End of Script----------------

22:08:05 INFO  : Disconnected from the channel tcfchan#4.
