
*** Running vivado
    with args -log zynq_interrupt_system_xbar_0.vds -m64 -product Vivado -mode batch -messageDb vivado.pb -notrace -source zynq_interrupt_system_xbar_0.tcl


****** Vivado v2021.1 (64-bit)
  **** SW Build 3247384 on Thu Jun 10 19:36:07 MDT 2021
  **** IP Build 3246043 on Fri Jun 11 00:30:35 MDT 2021
    ** Copyright 1986-2021 Xilinx, Inc. All Rights Reserved.

source zynq_interrupt_system_xbar_0.tcl -notrace
Command: synth_design -top zynq_interrupt_system_xbar_0 -part xc7z010clg400-1 -mode out_of_context
Starting synth_design
Attempting to get a license for feature 'Synthesis' and/or device 'xc7z010'
INFO: [Common 17-349] Got license for feature 'Synthesis' and/or device 'xc7z010'
INFO: [Device 21-403] Loading part xc7z010clg400-1
INFO: [Synth 8-7079] Multithreading enabled for synth_design using a maximum of 4 processes.
INFO: [Synth 8-7078] Launching helper process for spawning children vivado processes
INFO: [Synth 8-7075] Helper process launched with PID 142717
---------------------------------------------------------------------------------
Starting RTL Elaboration : Time (s): cpu = 00:00:03 ; elapsed = 00:00:04 . Memory (MB): peak = 2497.227 ; gain = 0.000 ; free physical = 788 ; free virtual = 18409
---------------------------------------------------------------------------------
INFO: [Synth 8-6157] synthesizing module 'zynq_interrupt_system_xbar_0' [/home/user/lab-5/vivado_zynq_interrupts/zynq_interrupts.gen/sources_1/bd/zynq_interrupt_system/ip/zynq_interrupt_system_xbar_0/synth/zynq_interrupt_system_xbar_0.v:59]
INFO: [Synth 8-6157] synthesizing module 'axi_crossbar_v2_1_25_axi_crossbar' [/home/user/lab-5/vivado_zynq_interrupts/zynq_interrupts.gen/sources_1/bd/zynq_interrupt_system/ipshared/3917/hdl/axi_crossbar_v2_1_vl_rfs.v:4884]
INFO: [Synth 8-6157] synthesizing module 'axi_crossbar_v2_1_25_crossbar_sasd' [/home/user/lab-5/vivado_zynq_interrupts/zynq_interrupts.gen/sources_1/bd/zynq_interrupt_system/ipshared/3917/hdl/axi_crossbar_v2_1_vl_rfs.v:1240]
INFO: [Synth 8-6157] synthesizing module 'axi_crossbar_v2_1_25_addr_decoder' [/home/user/lab-5/vivado_zynq_interrupts/zynq_interrupts.gen/sources_1/bd/zynq_interrupt_system/ipshared/3917/hdl/axi_crossbar_v2_1_vl_rfs.v:794]
INFO: [Synth 8-6157] synthesizing module 'generic_baseblocks_v2_1_0_comparator_static' [/home/user/lab-5/vivado_zynq_interrupts/zynq_interrupts.gen/sources_1/bd/zynq_interrupt_system/ipshared/b752/hdl/generic_baseblocks_v2_1_vl_rfs.v:2133]
INFO: [Synth 8-6157] synthesizing module 'generic_baseblocks_v2_1_0_carry_and' [/home/user/lab-5/vivado_zynq_interrupts/zynq_interrupts.gen/sources_1/bd/zynq_interrupt_system/ipshared/b752/hdl/generic_baseblocks_v2_1_vl_rfs.v:62]
INFO: [Synth 8-6155] done synthesizing module 'generic_baseblocks_v2_1_0_carry_and' (1#1) [/home/user/lab-5/vivado_zynq_interrupts/zynq_interrupts.gen/sources_1/bd/zynq_interrupt_system/ipshared/b752/hdl/generic_baseblocks_v2_1_vl_rfs.v:62]
INFO: [Synth 8-6155] done synthesizing module 'generic_baseblocks_v2_1_0_comparator_static' (2#1) [/home/user/lab-5/vivado_zynq_interrupts/zynq_interrupts.gen/sources_1/bd/zynq_interrupt_system/ipshared/b752/hdl/generic_baseblocks_v2_1_vl_rfs.v:2133]
INFO: [Synth 8-6155] done synthesizing module 'axi_crossbar_v2_1_25_addr_decoder' (3#1) [/home/user/lab-5/vivado_zynq_interrupts/zynq_interrupts.gen/sources_1/bd/zynq_interrupt_system/ipshared/3917/hdl/axi_crossbar_v2_1_vl_rfs.v:794]
INFO: [Synth 8-6157] synthesizing module 'axi_crossbar_v2_1_25_decerr_slave' [/home/user/lab-5/vivado_zynq_interrupts/zynq_interrupts.gen/sources_1/bd/zynq_interrupt_system/ipshared/3917/hdl/axi_crossbar_v2_1_vl_rfs.v:3501]
INFO: [Synth 8-6155] done synthesizing module 'axi_crossbar_v2_1_25_decerr_slave' (4#1) [/home/user/lab-5/vivado_zynq_interrupts/zynq_interrupts.gen/sources_1/bd/zynq_interrupt_system/ipshared/3917/hdl/axi_crossbar_v2_1_vl_rfs.v:3501]
INFO: [Synth 8-6157] synthesizing module 'axi_crossbar_v2_1_25_addr_arbiter_sasd' [/home/user/lab-5/vivado_zynq_interrupts/zynq_interrupts.gen/sources_1/bd/zynq_interrupt_system/ipshared/3917/hdl/axi_crossbar_v2_1_vl_rfs.v:65]
INFO: [Synth 8-6155] done synthesizing module 'axi_crossbar_v2_1_25_addr_arbiter_sasd' (5#1) [/home/user/lab-5/vivado_zynq_interrupts/zynq_interrupts.gen/sources_1/bd/zynq_interrupt_system/ipshared/3917/hdl/axi_crossbar_v2_1_vl_rfs.v:65]
INFO: [Synth 8-6157] synthesizing module 'axi_crossbar_v2_1_25_splitter' [/home/user/lab-5/vivado_zynq_interrupts/zynq_interrupts.gen/sources_1/bd/zynq_interrupt_system/ipshared/3917/hdl/axi_crossbar_v2_1_vl_rfs.v:4461]
INFO: [Synth 8-6155] done synthesizing module 'axi_crossbar_v2_1_25_splitter' (6#1) [/home/user/lab-5/vivado_zynq_interrupts/zynq_interrupts.gen/sources_1/bd/zynq_interrupt_system/ipshared/3917/hdl/axi_crossbar_v2_1_vl_rfs.v:4461]
INFO: [Synth 8-6157] synthesizing module 'axi_crossbar_v2_1_25_splitter__parameterized0' [/home/user/lab-5/vivado_zynq_interrupts/zynq_interrupts.gen/sources_1/bd/zynq_interrupt_system/ipshared/3917/hdl/axi_crossbar_v2_1_vl_rfs.v:4461]
INFO: [Synth 8-6155] done synthesizing module 'axi_crossbar_v2_1_25_splitter__parameterized0' (6#1) [/home/user/lab-5/vivado_zynq_interrupts/zynq_interrupts.gen/sources_1/bd/zynq_interrupt_system/ipshared/3917/hdl/axi_crossbar_v2_1_vl_rfs.v:4461]
INFO: [Synth 8-6157] synthesizing module 'generic_baseblocks_v2_1_0_mux_enc' [/home/user/lab-5/vivado_zynq_interrupts/zynq_interrupts.gen/sources_1/bd/zynq_interrupt_system/ipshared/b752/hdl/generic_baseblocks_v2_1_vl_rfs.v:2452]
INFO: [Synth 8-6155] done synthesizing module 'generic_baseblocks_v2_1_0_mux_enc' (7#1) [/home/user/lab-5/vivado_zynq_interrupts/zynq_interrupts.gen/sources_1/bd/zynq_interrupt_system/ipshared/b752/hdl/generic_baseblocks_v2_1_vl_rfs.v:2452]
INFO: [Synth 8-6157] synthesizing module 'generic_baseblocks_v2_1_0_mux_enc__parameterized0' [/home/user/lab-5/vivado_zynq_interrupts/zynq_interrupts.gen/sources_1/bd/zynq_interrupt_system/ipshared/b752/hdl/generic_baseblocks_v2_1_vl_rfs.v:2452]
INFO: [Synth 8-6155] done synthesizing module 'generic_baseblocks_v2_1_0_mux_enc__parameterized0' (7#1) [/home/user/lab-5/vivado_zynq_interrupts/zynq_interrupts.gen/sources_1/bd/zynq_interrupt_system/ipshared/b752/hdl/generic_baseblocks_v2_1_vl_rfs.v:2452]
INFO: [Synth 8-6157] synthesizing module 'generic_baseblocks_v2_1_0_mux_enc__parameterized1' [/home/user/lab-5/vivado_zynq_interrupts/zynq_interrupts.gen/sources_1/bd/zynq_interrupt_system/ipshared/b752/hdl/generic_baseblocks_v2_1_vl_rfs.v:2452]
INFO: [Synth 8-6155] done synthesizing module 'generic_baseblocks_v2_1_0_mux_enc__parameterized1' (7#1) [/home/user/lab-5/vivado_zynq_interrupts/zynq_interrupts.gen/sources_1/bd/zynq_interrupt_system/ipshared/b752/hdl/generic_baseblocks_v2_1_vl_rfs.v:2452]
INFO: [Synth 8-6157] synthesizing module 'axi_register_slice_v2_1_24_axic_register_slice' [/home/user/lab-5/vivado_zynq_interrupts/zynq_interrupts.gen/sources_1/bd/zynq_interrupt_system/ipshared/8f68/hdl/axi_register_slice_v2_1_vl_rfs.v:1498]
INFO: [Synth 8-6155] done synthesizing module 'axi_register_slice_v2_1_24_axic_register_slice' (8#1) [/home/user/lab-5/vivado_zynq_interrupts/zynq_interrupts.gen/sources_1/bd/zynq_interrupt_system/ipshared/8f68/hdl/axi_register_slice_v2_1_vl_rfs.v:1498]
INFO: [Synth 8-6157] synthesizing module 'generic_baseblocks_v2_1_0_mux_enc__parameterized2' [/home/user/lab-5/vivado_zynq_interrupts/zynq_interrupts.gen/sources_1/bd/zynq_interrupt_system/ipshared/b752/hdl/generic_baseblocks_v2_1_vl_rfs.v:2452]
INFO: [Synth 8-6155] done synthesizing module 'generic_baseblocks_v2_1_0_mux_enc__parameterized2' (8#1) [/home/user/lab-5/vivado_zynq_interrupts/zynq_interrupts.gen/sources_1/bd/zynq_interrupt_system/ipshared/b752/hdl/generic_baseblocks_v2_1_vl_rfs.v:2452]
INFO: [Synth 8-6155] done synthesizing module 'axi_crossbar_v2_1_25_crossbar_sasd' (9#1) [/home/user/lab-5/vivado_zynq_interrupts/zynq_interrupts.gen/sources_1/bd/zynq_interrupt_system/ipshared/3917/hdl/axi_crossbar_v2_1_vl_rfs.v:1240]
INFO: [Synth 8-6155] done synthesizing module 'axi_crossbar_v2_1_25_axi_crossbar' (10#1) [/home/user/lab-5/vivado_zynq_interrupts/zynq_interrupts.gen/sources_1/bd/zynq_interrupt_system/ipshared/3917/hdl/axi_crossbar_v2_1_vl_rfs.v:4884]
INFO: [Synth 8-6155] done synthesizing module 'zynq_interrupt_system_xbar_0' (11#1) [/home/user/lab-5/vivado_zynq_interrupts/zynq_interrupts.gen/sources_1/bd/zynq_interrupt_system/ip/zynq_interrupt_system_xbar_0/synth/zynq_interrupt_system_xbar_0.v:59]
---------------------------------------------------------------------------------
Finished RTL Elaboration : Time (s): cpu = 00:00:06 ; elapsed = 00:00:07 . Memory (MB): peak = 2497.227 ; gain = 0.000 ; free physical = 1669 ; free virtual = 19289
---------------------------------------------------------------------------------
---------------------------------------------------------------------------------
Start Handling Custom Attributes
---------------------------------------------------------------------------------
---------------------------------------------------------------------------------
Finished Handling Custom Attributes : Time (s): cpu = 00:00:06 ; elapsed = 00:00:07 . Memory (MB): peak = 2497.227 ; gain = 0.000 ; free physical = 1664 ; free virtual = 19284
---------------------------------------------------------------------------------
---------------------------------------------------------------------------------
Finished RTL Optimization Phase 1 : Time (s): cpu = 00:00:06 ; elapsed = 00:00:07 . Memory (MB): peak = 2497.227 ; gain = 0.000 ; free physical = 1664 ; free virtual = 19284
---------------------------------------------------------------------------------
Netlist sorting complete. Time (s): cpu = 00:00:00.01 ; elapsed = 00:00:00.01 . Memory (MB): peak = 2497.227 ; gain = 0.000 ; free physical = 1658 ; free virtual = 19278
INFO: [Project 1-570] Preparing netlist for logic optimization

Processing XDC Constraints
Initializing timing engine
Parsing XDC File [/home/user/lab-5/vivado_zynq_interrupts/zynq_interrupts.gen/sources_1/bd/zynq_interrupt_system/ip/zynq_interrupt_system_xbar_0/zynq_interrupt_system_xbar_0_ooc.xdc] for cell 'inst'
Finished Parsing XDC File [/home/user/lab-5/vivado_zynq_interrupts/zynq_interrupts.gen/sources_1/bd/zynq_interrupt_system/ip/zynq_interrupt_system_xbar_0/zynq_interrupt_system_xbar_0_ooc.xdc] for cell 'inst'
Parsing XDC File [/home/user/lab-5/vivado_zynq_interrupts/zynq_interrupts.runs/zynq_interrupt_system_xbar_0_synth_1/dont_touch.xdc]
Finished Parsing XDC File [/home/user/lab-5/vivado_zynq_interrupts/zynq_interrupts.runs/zynq_interrupt_system_xbar_0_synth_1/dont_touch.xdc]
Completed Processing XDC Constraints

Netlist sorting complete. Time (s): cpu = 00:00:00 ; elapsed = 00:00:00 . Memory (MB): peak = 2561.129 ; gain = 0.000 ; free physical = 1565 ; free virtual = 19186
INFO: [Project 1-111] Unisim Transformation Summary:
No Unisim elements were transformed.

Constraint Validation Runtime : Time (s): cpu = 00:00:00.02 ; elapsed = 00:00:00.02 . Memory (MB): peak = 2561.129 ; gain = 0.000 ; free physical = 1565 ; free virtual = 19186
---------------------------------------------------------------------------------
Finished Constraint Validation : Time (s): cpu = 00:00:10 ; elapsed = 00:00:11 . Memory (MB): peak = 2561.129 ; gain = 63.902 ; free physical = 1645 ; free virtual = 19266
---------------------------------------------------------------------------------
---------------------------------------------------------------------------------
Start Loading Part and Timing Information
---------------------------------------------------------------------------------
Loading part: xc7z010clg400-1
---------------------------------------------------------------------------------
Finished Loading Part and Timing Information : Time (s): cpu = 00:00:10 ; elapsed = 00:00:11 . Memory (MB): peak = 2561.129 ; gain = 63.902 ; free physical = 1645 ; free virtual = 19266
---------------------------------------------------------------------------------
---------------------------------------------------------------------------------
Start Applying 'set_property' XDC Constraints
---------------------------------------------------------------------------------
Applied set_property KEEP_HIERARCHY = SOFT for inst. (constraint file  /home/user/lab-5/vivado_zynq_interrupts/zynq_interrupts.runs/zynq_interrupt_system_xbar_0_synth_1/dont_touch.xdc, line 9).
---------------------------------------------------------------------------------
Finished applying 'set_property' XDC Constraints : Time (s): cpu = 00:00:10 ; elapsed = 00:00:11 . Memory (MB): peak = 2561.129 ; gain = 63.902 ; free physical = 1645 ; free virtual = 19266
---------------------------------------------------------------------------------
---------------------------------------------------------------------------------
Finished RTL Optimization Phase 2 : Time (s): cpu = 00:00:10 ; elapsed = 00:00:11 . Memory (MB): peak = 2561.129 ; gain = 63.902 ; free physical = 1635 ; free virtual = 19256
---------------------------------------------------------------------------------
---------------------------------------------------------------------------------
Start RTL Component Statistics 
---------------------------------------------------------------------------------
Detailed RTL Component Info : 
+---Registers : 
	               64 Bit    Registers := 1     
	               36 Bit    Registers := 2     
	                4 Bit    Registers := 1     
	                3 Bit    Registers := 1     
	                2 Bit    Registers := 3     
	                1 Bit    Registers := 14    
+---Muxes : 
	   2 Input   64 Bit        Muxes := 1     
	   2 Input   36 Bit        Muxes := 2     
	   2 Input    4 Bit        Muxes := 1     
	   2 Input    3 Bit        Muxes := 1     
	   2 Input    1 Bit        Muxes := 36    
---------------------------------------------------------------------------------
Finished RTL Component Statistics 
---------------------------------------------------------------------------------
---------------------------------------------------------------------------------
Start Part Resource Summary
---------------------------------------------------------------------------------
Part Resources:
DSPs: 80 (col length:40)
BRAMs: 120 (col length: RAMB18 40 RAMB36 20)
---------------------------------------------------------------------------------
Finished Part Resource Summary
---------------------------------------------------------------------------------
---------------------------------------------------------------------------------
Start Cross Boundary and Area Optimization
---------------------------------------------------------------------------------
---------------------------------------------------------------------------------
Finished Cross Boundary and Area Optimization : Time (s): cpu = 00:00:11 ; elapsed = 00:00:12 . Memory (MB): peak = 2561.129 ; gain = 63.902 ; free physical = 1620 ; free virtual = 19240
---------------------------------------------------------------------------------
---------------------------------------------------------------------------------
Start Applying XDC Timing Constraints
---------------------------------------------------------------------------------
---------------------------------------------------------------------------------
Finished Applying XDC Timing Constraints : Time (s): cpu = 00:00:15 ; elapsed = 00:00:16 . Memory (MB): peak = 2561.129 ; gain = 63.902 ; free physical = 1499 ; free virtual = 19120
---------------------------------------------------------------------------------
---------------------------------------------------------------------------------
Start Timing Optimization
---------------------------------------------------------------------------------
---------------------------------------------------------------------------------
Finished Timing Optimization : Time (s): cpu = 00:00:15 ; elapsed = 00:00:17 . Memory (MB): peak = 2561.129 ; gain = 63.902 ; free physical = 1494 ; free virtual = 19115
---------------------------------------------------------------------------------
---------------------------------------------------------------------------------
Start Technology Mapping
---------------------------------------------------------------------------------
---------------------------------------------------------------------------------
Finished Technology Mapping : Time (s): cpu = 00:00:15 ; elapsed = 00:00:17 . Memory (MB): peak = 2561.129 ; gain = 63.902 ; free physical = 1494 ; free virtual = 19115
---------------------------------------------------------------------------------
---------------------------------------------------------------------------------
Start IO Insertion
---------------------------------------------------------------------------------
---------------------------------------------------------------------------------
Start Flattening Before IO Insertion
---------------------------------------------------------------------------------
---------------------------------------------------------------------------------
Finished Flattening Before IO Insertion
---------------------------------------------------------------------------------
---------------------------------------------------------------------------------
Start Final Netlist Cleanup
---------------------------------------------------------------------------------
---------------------------------------------------------------------------------
Finished Final Netlist Cleanup
---------------------------------------------------------------------------------
---------------------------------------------------------------------------------
Finished IO Insertion : Time (s): cpu = 00:00:18 ; elapsed = 00:00:19 . Memory (MB): peak = 2561.129 ; gain = 63.902 ; free physical = 1494 ; free virtual = 19115
---------------------------------------------------------------------------------
---------------------------------------------------------------------------------
Start Renaming Generated Instances
---------------------------------------------------------------------------------
---------------------------------------------------------------------------------
Finished Renaming Generated Instances : Time (s): cpu = 00:00:18 ; elapsed = 00:00:19 . Memory (MB): peak = 2561.129 ; gain = 63.902 ; free physical = 1494 ; free virtual = 19115
---------------------------------------------------------------------------------
---------------------------------------------------------------------------------
Start Rebuilding User Hierarchy
---------------------------------------------------------------------------------
---------------------------------------------------------------------------------
Finished Rebuilding User Hierarchy : Time (s): cpu = 00:00:18 ; elapsed = 00:00:19 . Memory (MB): peak = 2561.129 ; gain = 63.902 ; free physical = 1494 ; free virtual = 19115
---------------------------------------------------------------------------------
---------------------------------------------------------------------------------
Start Renaming Generated Ports
---------------------------------------------------------------------------------
---------------------------------------------------------------------------------
Finished Renaming Generated Ports : Time (s): cpu = 00:00:18 ; elapsed = 00:00:19 . Memory (MB): peak = 2561.129 ; gain = 63.902 ; free physical = 1494 ; free virtual = 19115
---------------------------------------------------------------------------------
---------------------------------------------------------------------------------
Start Handling Custom Attributes
---------------------------------------------------------------------------------
---------------------------------------------------------------------------------
Finished Handling Custom Attributes : Time (s): cpu = 00:00:18 ; elapsed = 00:00:19 . Memory (MB): peak = 2561.129 ; gain = 63.902 ; free physical = 1494 ; free virtual = 19115
---------------------------------------------------------------------------------
---------------------------------------------------------------------------------
Start Renaming Generated Nets
---------------------------------------------------------------------------------
---------------------------------------------------------------------------------
Finished Renaming Generated Nets : Time (s): cpu = 00:00:18 ; elapsed = 00:00:19 . Memory (MB): peak = 2561.129 ; gain = 63.902 ; free physical = 1494 ; free virtual = 19115
---------------------------------------------------------------------------------
---------------------------------------------------------------------------------
Start Writing Synthesis Report
---------------------------------------------------------------------------------

Report BlackBoxes: 
+-+--------------+----------+
| |BlackBox name |Instances |
+-+--------------+----------+
+-+--------------+----------+

Report Cell Usage: 
+------+-----+------+
|      |Cell |Count |
+------+-----+------+
|1     |LUT1 |     1|
|2     |LUT2 |     7|
|3     |LUT3 |    36|
|4     |LUT4 |    47|
|5     |LUT5 |    31|
|6     |LUT6 |    38|
|7     |FDRE |   128|
+------+-----+------+
---------------------------------------------------------------------------------
Finished Writing Synthesis Report : Time (s): cpu = 00:00:18 ; elapsed = 00:00:19 . Memory (MB): peak = 2561.129 ; gain = 63.902 ; free physical = 1494 ; free virtual = 19115
---------------------------------------------------------------------------------
Synthesis finished with 0 errors, 0 critical warnings and 0 warnings.
Synthesis Optimization Runtime : Time (s): cpu = 00:00:17 ; elapsed = 00:00:18 . Memory (MB): peak = 2561.129 ; gain = 0.000 ; free physical = 1548 ; free virtual = 19169
Synthesis Optimization Complete : Time (s): cpu = 00:00:18 ; elapsed = 00:00:19 . Memory (MB): peak = 2561.129 ; gain = 63.902 ; free physical = 1548 ; free virtual = 19169
INFO: [Project 1-571] Translating synthesized netlist
Netlist sorting complete. Time (s): cpu = 00:00:00.01 ; elapsed = 00:00:00.01 . Memory (MB): peak = 2561.129 ; gain = 0.000 ; free physical = 1635 ; free virtual = 19256
INFO: [Project 1-570] Preparing netlist for logic optimization
INFO: [Opt 31-138] Pushed 0 inverter(s) to 0 load pin(s).
Netlist sorting complete. Time (s): cpu = 00:00:00 ; elapsed = 00:00:00 . Memory (MB): peak = 2561.129 ; gain = 0.000 ; free physical = 1571 ; free virtual = 19191
INFO: [Project 1-111] Unisim Transformation Summary:
No Unisim elements were transformed.

Synth Design complete, checksum: aa285a0f
INFO: [Common 17-83] Releasing license: Synthesis
42 Infos, 0 Warnings, 0 Critical Warnings and 0 Errors encountered.
synth_design completed successfully
synth_design: Time (s): cpu = 00:00:25 ; elapsed = 00:00:22 . Memory (MB): peak = 2561.129 ; gain = 64.031 ; free physical = 1719 ; free virtual = 19340
INFO: [Common 17-1381] The checkpoint '/home/user/lab-5/vivado_zynq_interrupts/zynq_interrupts.runs/zynq_interrupt_system_xbar_0_synth_1/zynq_interrupt_system_xbar_0.dcp' has been generated.
INFO: [Coretcl 2-1648] Added synthesis output to IP cache for IP zynq_interrupt_system_xbar_0, cache-ID = 7b5623c5a3362078
INFO: [Coretcl 2-1174] Renamed 7 cell refs.
INFO: [Common 17-1381] The checkpoint '/home/user/lab-5/vivado_zynq_interrupts/zynq_interrupts.runs/zynq_interrupt_system_xbar_0_synth_1/zynq_interrupt_system_xbar_0.dcp' has been generated.
INFO: [runtcl-4] Executing : report_utilization -file zynq_interrupt_system_xbar_0_utilization_synth.rpt -pb zynq_interrupt_system_xbar_0_utilization_synth.pb
INFO: [Common 17-206] Exiting Vivado at Wed Nov  3 21:43:18 2021...
