#-----------------------------------------------------------
# Vivado v2021.1 (64-bit)
# SW Build 3247384 on Thu Jun 10 19:36:33 MDT 2021
# IP Build 3246043 on Fri Jun 11 00:30:35 MDT 2021
# Start of session at: Wed Nov 10 17:07:53 2021
# Process ID: 12768
# Current directory: C:/lab4/vivado_pwm_axi_timer
# Command line: vivado.exe -gui_launcher_event rodinguilauncherevent27260 C:\lab4\vivado_pwm_axi_timer\zynq_interrupts.xpr
# Log file: C:/lab4/vivado_pwm_axi_timer/vivado.log
# Journal file: C:/lab4/vivado_pwm_axi_timer\vivado.jou
#-----------------------------------------------------------
start_gui
open_project C:/lab4/vivado_pwm_axi_timer/zynq_interrupts.xpr
INFO: [Project 1-313] Project file moved from 'C:/lab4/A/vivado_pwm_axi_timer' since last save.
WARNING: [filemgmt 56-2] Board Part Repository Path: Could not find the directory 'C:/.Xilinx/Vivado/2021.1/xhub/board_store/xilinx_board_store', nor could it be found using path 'C:/lab4/.Xilinx/Vivado/2021.1/xhub/board_store/xilinx_board_store'.
Scanning sources...
Finished scanning sources
INFO: [IP_Flow 19-234] Refreshing IP repositories
INFO: [IP_Flow 19-1704] No user IP repositories specified
INFO: [IP_Flow 19-2313] Loaded Vivado IP repository 'F:/Xilinx/Vivado/2021.1/data/ip'.
open_project: Time (s): cpu = 00:00:18 ; elapsed = 00:00:08 . Memory (MB): peak = 1282.082 ; gain = 0.000
update_compile_order -fileset sources_1
open_bd_design {C:/lab4/vivado_pwm_axi_timer/zynq_interrupts.srcs/sources_1/bd/zynq_interrupt_system/zynq_interrupt_system.bd}
Reading block design file <C:/lab4/vivado_pwm_axi_timer/zynq_interrupts.srcs/sources_1/bd/zynq_interrupt_system/zynq_interrupt_system.bd>...
Adding component instance block -- xilinx.com:ip:processing_system7:5.5 - processing_system7_0
Adding component instance block -- xilinx.com:ip:axi_timer:2.0 - axi_timer_0
Adding component instance block -- xilinx.com:ip:axi_interconnect:2.1 - ps7_0_axi_periph
Adding component instance block -- xilinx.com:ip:axi_crossbar:2.1 - xbar
Adding component instance block -- xilinx.com:ip:axi_protocol_converter:2.1 - auto_pc
Adding component instance block -- xilinx.com:ip:proc_sys_reset:5.0 - rst_ps7_0_100M
Successfully read diagram <zynq_interrupt_system> from block design file <C:/lab4/vivado_pwm_axi_timer/zynq_interrupts.srcs/sources_1/bd/zynq_interrupt_system/zynq_interrupt_system.bd>
open_bd_design: Time (s): cpu = 00:00:13 ; elapsed = 00:00:09 . Memory (MB): peak = 1282.082 ; gain = 0.000
startgroup
create_bd_cell -type ip -vlnv xilinx.com:ip:axi_gpio:2.0 axi_gpio_0
endgroup
startgroup
apply_bd_automation -rule xilinx.com:bd_rule:board -config { Board_Interface {btns_4bits ( 4 Buttons ) } Manual_Source {Auto}}  [get_bd_intf_pins axi_gpio_0/GPIO]
INFO: [board_rule 100-100] set_property CONFIG.USE_BOARD_FLOW true [get_bd_cells /axi_gpio_0]
INFO: [board_rule 100-100] set_property CONFIG.GPIO_BOARD_INTERFACE btns_4bits [get_bd_cells /axi_gpio_0]
INFO: [BoardRule 102-8] create_bd_intf_port -mode Master -vlnv xilinx.com:interface:gpio_rtl:1.0 btns_4bits
INFO: [BoardRule 102-9] connect_bd_intf_net /btns_4bits /axi_gpio_0/GPIO
apply_bd_automation -rule xilinx.com:bd_rule:axi4 -config { Clk_master {/processing_system7_0/FCLK_CLK0 (100 MHz)} Clk_slave {Auto} Clk_xbar {/processing_system7_0/FCLK_CLK0 (100 MHz)} Master {/processing_system7_0/M_AXI_GP0} Slave {/axi_gpio_0/S_AXI} ddr_seg {Auto} intc_ip {/ps7_0_axi_periph} master_apm {0}}  [get_bd_intf_pins axi_gpio_0/S_AXI]
Slave segment '/axi_gpio_0/S_AXI/Reg' is being assigned into address space '/processing_system7_0/Data' at <0x4120_0000 [ 64K ]>.
endgroup
regenerate_bd_layout
save_bd_design
Wrote  : <C:\lab4\vivado_pwm_axi_timer\zynq_interrupts.srcs\sources_1\bd\zynq_interrupt_system\zynq_interrupt_system.bd> 
Wrote  : <C:/lab4/vivado_pwm_axi_timer/zynq_interrupts.srcs/sources_1/bd/zynq_interrupt_system/ui/bd_dce7d948.ui> 
reset_run synth_1
WARNING: [Vivado 12-1017] Problems encountered:
1. Failed to delete one or more files in run directory C:/lab4/vivado_pwm_axi_timer/zynq_interrupts.runs/synth_1

launch_runs impl_1 -to_step write_bitstream -jobs 6
WARNING: [BD 41-2670] Found an incomplete address path from address space '/processing_system7_0/Data' to master interface '/ps7_0_axi_periph/M01_AXI'. Please either complete or remove this path to resolve.
WARNING: [BD 5-699] No address segments matched 'get_bd_addr_segs -addressables -of_objects /ps7_0_axi_periph/xbar/M01_AXI'
Wrote  : <C:\lab4\vivado_pwm_axi_timer\zynq_interrupts.srcs\sources_1\bd\zynq_interrupt_system\zynq_interrupt_system.bd> 
VHDL Output written to : c:/lab4/vivado_pwm_axi_timer/zynq_interrupts.gen/sources_1/bd/zynq_interrupt_system/synth/zynq_interrupt_system.v
VHDL Output written to : c:/lab4/vivado_pwm_axi_timer/zynq_interrupts.gen/sources_1/bd/zynq_interrupt_system/sim/zynq_interrupt_system.v
VHDL Output written to : c:/lab4/vivado_pwm_axi_timer/zynq_interrupts.gen/sources_1/bd/zynq_interrupt_system/hdl/zynq_interrupt_system_wrapper.v
INFO: [BD 41-1029] Generation completed for the IP Integrator block ps7_0_axi_periph/xbar .
INFO: [BD 41-1029] Generation completed for the IP Integrator block axi_gpio_0 .
WARNING: [IP_Flow 19-4994] Overwriting existing constraint file 'c:/lab4/vivado_pwm_axi_timer/zynq_interrupts.gen/sources_1/bd/zynq_interrupt_system/ip/zynq_interrupt_system_auto_pc_0/zynq_interrupt_system_auto_pc_0_ooc.xdc'
INFO: [BD 41-1029] Generation completed for the IP Integrator block ps7_0_axi_periph/s00_couplers/auto_pc .
Exporting to file c:/lab4/vivado_pwm_axi_timer/zynq_interrupts.gen/sources_1/bd/zynq_interrupt_system/hw_handoff/zynq_interrupt_system.hwh
Generated Block Design Tcl file c:/lab4/vivado_pwm_axi_timer/zynq_interrupts.gen/sources_1/bd/zynq_interrupt_system/hw_handoff/zynq_interrupt_system_bd.tcl
Generated Hardware Definition File c:/lab4/vivado_pwm_axi_timer/zynq_interrupts.gen/sources_1/bd/zynq_interrupt_system/synth/zynq_interrupt_system.hwdef
INFO: [IP_Flow 19-4993] Using cached IP synthesis design for IP zynq_interrupt_system_auto_pc_0, cache-ID = e6e56d2e1ee16bf9; cache size = 9.929 MB.
INFO: [IP_Flow 19-4993] Using cached IP synthesis design for IP zynq_interrupt_system_xbar_0, cache-ID = 1f2f00be38121e9d; cache size = 9.930 MB.
[Wed Nov 10 17:12:11 2021] Launched zynq_interrupt_system_axi_gpio_0_0_synth_1, synth_1...
Run output will be captured here:
zynq_interrupt_system_axi_gpio_0_0_synth_1: C:/lab4/vivado_pwm_axi_timer/zynq_interrupts.runs/zynq_interrupt_system_axi_gpio_0_0_synth_1/runme.log
synth_1: C:/lab4/vivado_pwm_axi_timer/zynq_interrupts.runs/synth_1/runme.log
[Wed Nov 10 17:12:11 2021] Launched impl_1...
Run output will be captured here: C:/lab4/vivado_pwm_axi_timer/zynq_interrupts.runs/impl_1/runme.log
launch_runs: Time (s): cpu = 00:00:19 ; elapsed = 00:00:20 . Memory (MB): peak = 1834.441 ; gain = 215.613
