16:17:50 **** Clean-only build of project zynq_interrupt_system_wrapper_1 ****
buildplatform.bat 61508 zynq_interrupt_system_wrapper_1 clean 
XSDB Server Channel: tcfchan#3
Cleaning the zynq_fsbl application.
rm -rf  sd.o  nand.o  nor.o  image_mover.o  md5.o  fsbl_hooks.o  main.o  rsa.o  qspi.o  ps7_init.o  pcap.o  fsbl_handoff.o  zyn
q_fsbl_bsp/ps7_cortexa9_0/lib/libxil.a fsbl.elf *.o

rm: cannot lstat `*.o': Invalid argument
make: *** [Makefile:44: clean] Error 1
Failed to do platform clean.
    invoked from within
"::tcf::eval -progress {apply {{msg} {puts $msg}}} {tcf_send_command tcfchan#0 xsdb eval s es {{platform active zynq_interrupt_system_wrapper_1; platform clean}}}"
    (procedure "::tcf::send_command" line 4)
    invoked from within
"tcf send_command $::xsdb::curchan xsdb eval s es [list "platform active $PLATFORM_NAME; platform clean"]"
    invoked from within
"if { $iswindows == 1 } {    

    set XSDB_PORT [lindex $argv 0]
    set PLATFORM_NAME [lindex $argv 1]
    set arglen [llength $argv]
    set lastind..."
    (file "F:/Xilinx/Vitis/2021.1\scripts\vitis\util\buildplatform.tcl" line 11)
16:17:52 **** Clean-only build of configuration Debug for project pwm_axi_timer_2 ****
make clean 
rm -rf  ./src/main.o  ./src/main.d  pwm_axi_timer_2.elf.size  pwm_axi_timer_2.elf
' '
