
*** Running vivado
    with args -log zynq_interrupt_system_xbar_0.vds -m64 -product Vivado -mode batch -messageDb vivado.pb -notrace -source zynq_interrupt_system_xbar_0.tcl


****** Vivado v2021.1 (64-bit)
  **** SW Build 3247384 on Thu Jun 10 19:36:07 MDT 2021
  **** IP Build 3246043 on Fri Jun 11 00:30:35 MDT 2021
    ** Copyright 1986-2021 Xilinx, Inc. All Rights Reserved.

source zynq_interrupt_system_xbar_0.tcl -notrace
Command: synth_design -top zynq_interrupt_system_xbar_0 -part xc7z010clg400-1 -mode out_of_context
Starting synth_design
Attempting to get a license for feature 'Synthesis' and/or device 'xc7z010'
INFO: [Common 17-349] Got license for feature 'Synthesis' and/or device 'xc7z010'
INFO: [Device 21-403] Loading part xc7z010clg400-1
INFO: [Synth 8-7079] Multithreading enabled for synth_design using a maximum of 4 processes.
INFO: [Synth 8-7078] Launching helper process for spawning children vivado processes
INFO: [Synth 8-7075] Helper process launched with PID 248594
---------------------------------------------------------------------------------
Starting RTL Elaboration : Time (s): cpu = 00:00:05 ; elapsed = 00:00:06 . Memory (MB): peak = 2457.090 ; gain = 0.000 ; free physical = 361 ; free virtual = 16318
---------------------------------------------------------------------------------
INFO: [Synth 8-6157] synthesizing module 'zynq_interrupt_system_xbar_0' [/home/user/zynq_interrupts/zynq_interrupts.gen/sources_1/bd/zynq_interrupt_system/ip/zynq_interrupt_system_xbar_0/synth/zynq_interrupt_system_xbar_0.v:59]
INFO: [Synth 8-6157] synthesizing module 'axi_crossbar_v2_1_25_axi_crossbar' [/home/user/zynq_interrupts/zynq_interrupts.gen/sources_1/bd/zynq_interrupt_system/ipshared/3917/hdl/axi_crossbar_v2_1_vl_rfs.v:4884]
INFO: [Synth 8-6157] synthesizing module 'axi_crossbar_v2_1_25_crossbar_sasd' [/home/user/zynq_interrupts/zynq_interrupts.gen/sources_1/bd/zynq_interrupt_system/ipshared/3917/hdl/axi_crossbar_v2_1_vl_rfs.v:1240]
INFO: [Synth 8-6157] synthesizing module 'axi_crossbar_v2_1_25_addr_decoder' [/home/user/zynq_interrupts/zynq_interrupts.gen/sources_1/bd/zynq_interrupt_system/ipshared/3917/hdl/axi_crossbar_v2_1_vl_rfs.v:794]
INFO: [Synth 8-6157] synthesizing module 'generic_baseblocks_v2_1_0_comparator_static' [/home/user/zynq_interrupts/zynq_interrupts.gen/sources_1/bd/zynq_interrupt_system/ipshared/b752/hdl/generic_baseblocks_v2_1_vl_rfs.v:2133]
INFO: [Synth 8-6157] synthesizing module 'generic_baseblocks_v2_1_0_carry_and' [/home/user/zynq_interrupts/zynq_interrupts.gen/sources_1/bd/zynq_interrupt_system/ipshared/b752/hdl/generic_baseblocks_v2_1_vl_rfs.v:62]
INFO: [Synth 8-6155] done synthesizing module 'generic_baseblocks_v2_1_0_carry_and' (1#1) [/home/user/zynq_interrupts/zynq_interrupts.gen/sources_1/bd/zynq_interrupt_system/ipshared/b752/hdl/generic_baseblocks_v2_1_vl_rfs.v:62]
INFO: [Synth 8-6155] done synthesizing module 'generic_baseblocks_v2_1_0_comparator_static' (2#1) [/home/user/zynq_interrupts/zynq_interrupts.gen/sources_1/bd/zynq_interrupt_system/ipshared/b752/hdl/generic_baseblocks_v2_1_vl_rfs.v:2133]
INFO: [Synth 8-6157] synthesizing module 'generic_baseblocks_v2_1_0_comparator_static__parameterized0' [/home/user/zynq_interrupts/zynq_interrupts.gen/sources_1/bd/zynq_interrupt_system/ipshared/b752/hdl/generic_baseblocks_v2_1_vl_rfs.v:2133]
INFO: [Synth 8-6155] done synthesizing module 'generic_baseblocks_v2_1_0_comparator_static__parameterized0' (2#1) [/home/user/zynq_interrupts/zynq_interrupts.gen/sources_1/bd/zynq_interrupt_system/ipshared/b752/hdl/generic_baseblocks_v2_1_vl_rfs.v:2133]
INFO: [Synth 8-6155] done synthesizing module 'axi_crossbar_v2_1_25_addr_decoder' (3#1) [/home/user/zynq_interrupts/zynq_interrupts.gen/sources_1/bd/zynq_interrupt_system/ipshared/3917/hdl/axi_crossbar_v2_1_vl_rfs.v:794]
INFO: [Synth 8-6157] synthesizing module 'axi_crossbar_v2_1_25_decerr_slave' [/home/user/zynq_interrupts/zynq_interrupts.gen/sources_1/bd/zynq_interrupt_system/ipshared/3917/hdl/axi_crossbar_v2_1_vl_rfs.v:3501]
INFO: [Synth 8-6155] done synthesizing module 'axi_crossbar_v2_1_25_decerr_slave' (4#1) [/home/user/zynq_interrupts/zynq_interrupts.gen/sources_1/bd/zynq_interrupt_system/ipshared/3917/hdl/axi_crossbar_v2_1_vl_rfs.v:3501]
INFO: [Synth 8-6157] synthesizing module 'axi_crossbar_v2_1_25_addr_arbiter_sasd' [/home/user/zynq_interrupts/zynq_interrupts.gen/sources_1/bd/zynq_interrupt_system/ipshared/3917/hdl/axi_crossbar_v2_1_vl_rfs.v:65]
INFO: [Synth 8-6155] done synthesizing module 'axi_crossbar_v2_1_25_addr_arbiter_sasd' (5#1) [/home/user/zynq_interrupts/zynq_interrupts.gen/sources_1/bd/zynq_interrupt_system/ipshared/3917/hdl/axi_crossbar_v2_1_vl_rfs.v:65]
INFO: [Synth 8-6157] synthesizing module 'axi_crossbar_v2_1_25_splitter' [/home/user/zynq_interrupts/zynq_interrupts.gen/sources_1/bd/zynq_interrupt_system/ipshared/3917/hdl/axi_crossbar_v2_1_vl_rfs.v:4461]
INFO: [Synth 8-6155] done synthesizing module 'axi_crossbar_v2_1_25_splitter' (6#1) [/home/user/zynq_interrupts/zynq_interrupts.gen/sources_1/bd/zynq_interrupt_system/ipshared/3917/hdl/axi_crossbar_v2_1_vl_rfs.v:4461]
INFO: [Synth 8-6157] synthesizing module 'axi_crossbar_v2_1_25_splitter__parameterized0' [/home/user/zynq_interrupts/zynq_interrupts.gen/sources_1/bd/zynq_interrupt_system/ipshared/3917/hdl/axi_crossbar_v2_1_vl_rfs.v:4461]
INFO: [Synth 8-6155] done synthesizing module 'axi_crossbar_v2_1_25_splitter__parameterized0' (6#1) [/home/user/zynq_interrupts/zynq_interrupts.gen/sources_1/bd/zynq_interrupt_system/ipshared/3917/hdl/axi_crossbar_v2_1_vl_rfs.v:4461]
INFO: [Synth 8-6157] synthesizing module 'generic_baseblocks_v2_1_0_mux_enc' [/home/user/zynq_interrupts/zynq_interrupts.gen/sources_1/bd/zynq_interrupt_system/ipshared/b752/hdl/generic_baseblocks_v2_1_vl_rfs.v:2452]
INFO: [Synth 8-6155] done synthesizing module 'generic_baseblocks_v2_1_0_mux_enc' (7#1) [/home/user/zynq_interrupts/zynq_interrupts.gen/sources_1/bd/zynq_interrupt_system/ipshared/b752/hdl/generic_baseblocks_v2_1_vl_rfs.v:2452]
INFO: [Synth 8-6157] synthesizing module 'generic_baseblocks_v2_1_0_mux_enc__parameterized0' [/home/user/zynq_interrupts/zynq_interrupts.gen/sources_1/bd/zynq_interrupt_system/ipshared/b752/hdl/generic_baseblocks_v2_1_vl_rfs.v:2452]
INFO: [Synth 8-6155] done synthesizing module 'generic_baseblocks_v2_1_0_mux_enc__parameterized0' (7#1) [/home/user/zynq_interrupts/zynq_interrupts.gen/sources_1/bd/zynq_interrupt_system/ipshared/b752/hdl/generic_baseblocks_v2_1_vl_rfs.v:2452]
INFO: [Synth 8-6157] synthesizing module 'generic_baseblocks_v2_1_0_mux_enc__parameterized1' [/home/user/zynq_interrupts/zynq_interrupts.gen/sources_1/bd/zynq_interrupt_system/ipshared/b752/hdl/generic_baseblocks_v2_1_vl_rfs.v:2452]
INFO: [Synth 8-6155] done synthesizing module 'generic_baseblocks_v2_1_0_mux_enc__parameterized1' (7#1) [/home/user/zynq_interrupts/zynq_interrupts.gen/sources_1/bd/zynq_interrupt_system/ipshared/b752/hdl/generic_baseblocks_v2_1_vl_rfs.v:2452]
INFO: [Synth 8-6157] synthesizing module 'axi_register_slice_v2_1_24_axic_register_slice' [/home/user/zynq_interrupts/zynq_interrupts.gen/sources_1/bd/zynq_interrupt_system/ipshared/8f68/hdl/axi_register_slice_v2_1_vl_rfs.v:1498]
INFO: [Synth 8-6155] done synthesizing module 'axi_register_slice_v2_1_24_axic_register_slice' (8#1) [/home/user/zynq_interrupts/zynq_interrupts.gen/sources_1/bd/zynq_interrupt_system/ipshared/8f68/hdl/axi_register_slice_v2_1_vl_rfs.v:1498]
INFO: [Synth 8-6157] synthesizing module 'generic_baseblocks_v2_1_0_mux_enc__parameterized2' [/home/user/zynq_interrupts/zynq_interrupts.gen/sources_1/bd/zynq_interrupt_system/ipshared/b752/hdl/generic_baseblocks_v2_1_vl_rfs.v:2452]
INFO: [Synth 8-6155] done synthesizing module 'generic_baseblocks_v2_1_0_mux_enc__parameterized2' (8#1) [/home/user/zynq_interrupts/zynq_interrupts.gen/sources_1/bd/zynq_interrupt_system/ipshared/b752/hdl/generic_baseblocks_v2_1_vl_rfs.v:2452]
INFO: [Synth 8-6155] done synthesizing module 'axi_crossbar_v2_1_25_crossbar_sasd' (9#1) [/home/user/zynq_interrupts/zynq_interrupts.gen/sources_1/bd/zynq_interrupt_system/ipshared/3917/hdl/axi_crossbar_v2_1_vl_rfs.v:1240]
INFO: [Synth 8-6155] done synthesizing module 'axi_crossbar_v2_1_25_axi_crossbar' (10#1) [/home/user/zynq_interrupts/zynq_interrupts.gen/sources_1/bd/zynq_interrupt_system/ipshared/3917/hdl/axi_crossbar_v2_1_vl_rfs.v:4884]
INFO: [Synth 8-6155] done synthesizing module 'zynq_interrupt_system_xbar_0' (11#1) [/home/user/zynq_interrupts/zynq_interrupts.gen/sources_1/bd/zynq_interrupt_system/ip/zynq_interrupt_system_xbar_0/synth/zynq_interrupt_system_xbar_0.v:59]
---------------------------------------------------------------------------------
Finished RTL Elaboration : Time (s): cpu = 00:00:08 ; elapsed = 00:00:12 . Memory (MB): peak = 2457.090 ; gain = 0.000 ; free physical = 2503 ; free virtual = 18236
---------------------------------------------------------------------------------
---------------------------------------------------------------------------------
Start Handling Custom Attributes
---------------------------------------------------------------------------------
---------------------------------------------------------------------------------
Finished Handling Custom Attributes : Time (s): cpu = 00:00:09 ; elapsed = 00:00:12 . Memory (MB): peak = 2457.090 ; gain = 0.000 ; free physical = 2589 ; free virtual = 18306
---------------------------------------------------------------------------------
---------------------------------------------------------------------------------
Finished RTL Optimization Phase 1 : Time (s): cpu = 00:00:09 ; elapsed = 00:00:12 . Memory (MB): peak = 2457.090 ; gain = 0.000 ; free physical = 2589 ; free virtual = 18306
---------------------------------------------------------------------------------
Netlist sorting complete. Time (s): cpu = 00:00:00.01 ; elapsed = 00:00:00.01 . Memory (MB): peak = 2457.090 ; gain = 0.000 ; free physical = 2571 ; free virtual = 18288
INFO: [Project 1-570] Preparing netlist for logic optimization

Processing XDC Constraints
Initializing timing engine
Parsing XDC File [/home/user/zynq_interrupts/zynq_interrupts.gen/sources_1/bd/zynq_interrupt_system/ip/zynq_interrupt_system_xbar_0/zynq_interrupt_system_xbar_0_ooc.xdc] for cell 'inst'
Finished Parsing XDC File [/home/user/zynq_interrupts/zynq_interrupts.gen/sources_1/bd/zynq_interrupt_system/ip/zynq_interrupt_system_xbar_0/zynq_interrupt_system_xbar_0_ooc.xdc] for cell 'inst'
Parsing XDC File [/home/user/zynq_interrupts/zynq_interrupts.runs/zynq_interrupt_system_xbar_0_synth_1/dont_touch.xdc]
Finished Parsing XDC File [/home/user/zynq_interrupts/zynq_interrupts.runs/zynq_interrupt_system_xbar_0_synth_1/dont_touch.xdc]
Completed Processing XDC Constraints

Netlist sorting complete. Time (s): cpu = 00:00:00 ; elapsed = 00:00:00 . Memory (MB): peak = 2521.000 ; gain = 0.000 ; free physical = 2480 ; free virtual = 18197
INFO: [Project 1-111] Unisim Transformation Summary:
No Unisim elements were transformed.

Constraint Validation Runtime : Time (s): cpu = 00:00:00.02 ; elapsed = 00:00:00.02 . Memory (MB): peak = 2521.000 ; gain = 0.000 ; free physical = 2487 ; free virtual = 18205
---------------------------------------------------------------------------------
Finished Constraint Validation : Time (s): cpu = 00:00:12 ; elapsed = 00:00:16 . Memory (MB): peak = 2521.000 ; gain = 63.910 ; free physical = 2521 ; free virtual = 18242
---------------------------------------------------------------------------------
---------------------------------------------------------------------------------
Start Loading Part and Timing Information
---------------------------------------------------------------------------------
Loading part: xc7z010clg400-1
---------------------------------------------------------------------------------
Finished Loading Part and Timing Information : Time (s): cpu = 00:00:12 ; elapsed = 00:00:16 . Memory (MB): peak = 2521.000 ; gain = 63.910 ; free physical = 2521 ; free virtual = 18242
---------------------------------------------------------------------------------
---------------------------------------------------------------------------------
Start Applying 'set_property' XDC Constraints
---------------------------------------------------------------------------------
Applied set_property KEEP_HIERARCHY = SOFT for inst. (constraint file  /home/user/zynq_interrupts/zynq_interrupts.runs/zynq_interrupt_system_xbar_0_synth_1/dont_touch.xdc, line 9).
---------------------------------------------------------------------------------
Finished applying 'set_property' XDC Constraints : Time (s): cpu = 00:00:12 ; elapsed = 00:00:16 . Memory (MB): peak = 2521.000 ; gain = 63.910 ; free physical = 2521 ; free virtual = 18242
---------------------------------------------------------------------------------
---------------------------------------------------------------------------------
Finished RTL Optimization Phase 2 : Time (s): cpu = 00:00:13 ; elapsed = 00:00:17 . Memory (MB): peak = 2521.000 ; gain = 63.910 ; free physical = 2489 ; free virtual = 18210
---------------------------------------------------------------------------------
---------------------------------------------------------------------------------
Start RTL Component Statistics 
---------------------------------------------------------------------------------
Detailed RTL Component Info : 
+---Registers : 
	               64 Bit    Registers := 1     
	               36 Bit    Registers := 2     
	                3 Bit    Registers := 2     
	                2 Bit    Registers := 3     
	                1 Bit    Registers := 14    
+---Muxes : 
	   2 Input   64 Bit        Muxes := 1     
	   2 Input   36 Bit        Muxes := 2     
	   2 Input    3 Bit        Muxes := 1     
	   2 Input    2 Bit        Muxes := 2     
	   2 Input    1 Bit        Muxes := 30    
---------------------------------------------------------------------------------
Finished RTL Component Statistics 
---------------------------------------------------------------------------------
---------------------------------------------------------------------------------
Start Part Resource Summary
---------------------------------------------------------------------------------
Part Resources:
DSPs: 80 (col length:40)
BRAMs: 120 (col length: RAMB18 40 RAMB36 20)
---------------------------------------------------------------------------------
Finished Part Resource Summary
---------------------------------------------------------------------------------
---------------------------------------------------------------------------------
Start Cross Boundary and Area Optimization
---------------------------------------------------------------------------------
---------------------------------------------------------------------------------
Finished Cross Boundary and Area Optimization : Time (s): cpu = 00:00:14 ; elapsed = 00:00:18 . Memory (MB): peak = 2521.000 ; gain = 63.910 ; free physical = 2414 ; free virtual = 18135
---------------------------------------------------------------------------------
---------------------------------------------------------------------------------
Start Applying XDC Timing Constraints
---------------------------------------------------------------------------------
---------------------------------------------------------------------------------
Finished Applying XDC Timing Constraints : Time (s): cpu = 00:00:18 ; elapsed = 00:00:22 . Memory (MB): peak = 2521.000 ; gain = 63.910 ; free physical = 2000 ; free virtual = 17727
---------------------------------------------------------------------------------
---------------------------------------------------------------------------------
Start Timing Optimization
---------------------------------------------------------------------------------
---------------------------------------------------------------------------------
Finished Timing Optimization : Time (s): cpu = 00:00:18 ; elapsed = 00:00:22 . Memory (MB): peak = 2521.000 ; gain = 63.910 ; free physical = 1969 ; free virtual = 17697
---------------------------------------------------------------------------------
---------------------------------------------------------------------------------
Start Technology Mapping
---------------------------------------------------------------------------------
---------------------------------------------------------------------------------
Finished Technology Mapping : Time (s): cpu = 00:00:18 ; elapsed = 00:00:22 . Memory (MB): peak = 2521.000 ; gain = 63.910 ; free physical = 2115 ; free virtual = 17843
---------------------------------------------------------------------------------
---------------------------------------------------------------------------------
Start IO Insertion
---------------------------------------------------------------------------------
---------------------------------------------------------------------------------
Start Flattening Before IO Insertion
---------------------------------------------------------------------------------
---------------------------------------------------------------------------------
Finished Flattening Before IO Insertion
---------------------------------------------------------------------------------
---------------------------------------------------------------------------------
Start Final Netlist Cleanup
---------------------------------------------------------------------------------
---------------------------------------------------------------------------------
Finished Final Netlist Cleanup
---------------------------------------------------------------------------------
---------------------------------------------------------------------------------
Finished IO Insertion : Time (s): cpu = 00:00:21 ; elapsed = 00:00:25 . Memory (MB): peak = 2521.000 ; gain = 63.910 ; free physical = 2663 ; free virtual = 18420
---------------------------------------------------------------------------------
---------------------------------------------------------------------------------
Start Renaming Generated Instances
---------------------------------------------------------------------------------
---------------------------------------------------------------------------------
Finished Renaming Generated Instances : Time (s): cpu = 00:00:21 ; elapsed = 00:00:25 . Memory (MB): peak = 2521.000 ; gain = 63.910 ; free physical = 2663 ; free virtual = 18420
---------------------------------------------------------------------------------
---------------------------------------------------------------------------------
Start Rebuilding User Hierarchy
---------------------------------------------------------------------------------
---------------------------------------------------------------------------------
Finished Rebuilding User Hierarchy : Time (s): cpu = 00:00:21 ; elapsed = 00:00:25 . Memory (MB): peak = 2521.000 ; gain = 63.910 ; free physical = 2662 ; free virtual = 18419
---------------------------------------------------------------------------------
---------------------------------------------------------------------------------
Start Renaming Generated Ports
---------------------------------------------------------------------------------
---------------------------------------------------------------------------------
Finished Renaming Generated Ports : Time (s): cpu = 00:00:21 ; elapsed = 00:00:25 . Memory (MB): peak = 2521.000 ; gain = 63.910 ; free physical = 2662 ; free virtual = 18419
---------------------------------------------------------------------------------
---------------------------------------------------------------------------------
Start Handling Custom Attributes
---------------------------------------------------------------------------------
---------------------------------------------------------------------------------
Finished Handling Custom Attributes : Time (s): cpu = 00:00:21 ; elapsed = 00:00:25 . Memory (MB): peak = 2521.000 ; gain = 63.910 ; free physical = 2657 ; free virtual = 18414
---------------------------------------------------------------------------------
---------------------------------------------------------------------------------
Start Renaming Generated Nets
---------------------------------------------------------------------------------
---------------------------------------------------------------------------------
Finished Renaming Generated Nets : Time (s): cpu = 00:00:21 ; elapsed = 00:00:25 . Memory (MB): peak = 2521.000 ; gain = 63.910 ; free physical = 2656 ; free virtual = 18414
---------------------------------------------------------------------------------
---------------------------------------------------------------------------------
Start Writing Synthesis Report
---------------------------------------------------------------------------------

Report BlackBoxes: 
+-+--------------+----------+
| |BlackBox name |Instances |
+-+--------------+----------+
+-+--------------+----------+

Report Cell Usage: 
+------+-----+------+
|      |Cell |Count |
+------+-----+------+
|1     |LUT1 |     2|
|2     |LUT2 |     9|
|3     |LUT3 |     5|
|4     |LUT4 |    49|
|5     |LUT5 |    16|
|6     |LUT6 |    54|
|7     |FDRE |   130|
+------+-----+------+
---------------------------------------------------------------------------------
Finished Writing Synthesis Report : Time (s): cpu = 00:00:21 ; elapsed = 00:00:25 . Memory (MB): peak = 2521.000 ; gain = 63.910 ; free physical = 2655 ; free virtual = 18413
---------------------------------------------------------------------------------
Synthesis finished with 0 errors, 0 critical warnings and 0 warnings.
Synthesis Optimization Runtime : Time (s): cpu = 00:00:19 ; elapsed = 00:00:23 . Memory (MB): peak = 2521.000 ; gain = 0.000 ; free physical = 2709 ; free virtual = 18466
Synthesis Optimization Complete : Time (s): cpu = 00:00:21 ; elapsed = 00:00:25 . Memory (MB): peak = 2521.000 ; gain = 63.910 ; free physical = 2713 ; free virtual = 18470
INFO: [Project 1-571] Translating synthesized netlist
Netlist sorting complete. Time (s): cpu = 00:00:00 ; elapsed = 00:00:00.01 . Memory (MB): peak = 2521.000 ; gain = 0.000 ; free physical = 2810 ; free virtual = 18567
INFO: [Project 1-570] Preparing netlist for logic optimization
INFO: [Opt 31-138] Pushed 0 inverter(s) to 0 load pin(s).
Netlist sorting complete. Time (s): cpu = 00:00:00 ; elapsed = 00:00:00 . Memory (MB): peak = 2521.000 ; gain = 0.000 ; free physical = 2759 ; free virtual = 18520
INFO: [Project 1-111] Unisim Transformation Summary:
No Unisim elements were transformed.

Synth Design complete, checksum: 815e2308
INFO: [Common 17-83] Releasing license: Synthesis
44 Infos, 0 Warnings, 0 Critical Warnings and 0 Errors encountered.
synth_design completed successfully
synth_design: Time (s): cpu = 00:00:30 ; elapsed = 00:00:28 . Memory (MB): peak = 2521.000 ; gain = 64.031 ; free physical = 2907 ; free virtual = 18668
INFO: [Common 17-1381] The checkpoint '/home/user/zynq_interrupts/zynq_interrupts.runs/zynq_interrupt_system_xbar_0_synth_1/zynq_interrupt_system_xbar_0.dcp' has been generated.
INFO: [Coretcl 2-1648] Added synthesis output to IP cache for IP zynq_interrupt_system_xbar_0, cache-ID = f9ca080da7267284
INFO: [Coretcl 2-1174] Renamed 7 cell refs.
INFO: [Common 17-1381] The checkpoint '/home/user/zynq_interrupts/zynq_interrupts.runs/zynq_interrupt_system_xbar_0_synth_1/zynq_interrupt_system_xbar_0.dcp' has been generated.
INFO: [runtcl-4] Executing : report_utilization -file zynq_interrupt_system_xbar_0_utilization_synth.rpt -pb zynq_interrupt_system_xbar_0_utilization_synth.pb
INFO: [Common 17-206] Exiting Vivado at Wed Sep 15 21:50:17 2021...
